<?xml version="1.0" encoding="UTF-8"?>
<!-- Generated by org.testng.reporters.JUnitReportReporter -->
<testsuite hostname="DESKTOP-73G0TGN" failures="0" tests="1" name="report.ExtentReport" time="92.549" errors="0" timestamp="2023-04-15T08:12:56 IST" skipped="0">
  <testcase classname="report.ExtentReport" name="login" time="92.549"/>
  <system-out/>
</testsuite> <!-- report.ExtentReport -->
