<?xml version="1.0" encoding="UTF-8"?>
<!-- Generated by org.testng.reporters.JUnitReportReporter -->
<testsuite hostname="DESKTOP-73G0TGN" failures="0" tests="2" name="test.RunTestCase" time="9.318" errors="0" timestamp="2023-04-16T09:20:29 IST" skipped="0">
  <testcase classname="test.RunTestCase" name="login" time="6.971"/>
  <system-out/>
  <testcase classname="test.RunTestCase" name="dashbord" time="2.347"/>
  <system-out/>
</testsuite> <!-- test.RunTestCase -->
